Determining if the pthread_create exist failed with the following output:
Change Dir: /home/frederico/jackal_b/build/CMakeFiles/CMakeTmp

Run Build Command:"/usr/bin/make" "cmTC_a1ba2/fast"
/usr/bin/make -f CMakeFiles/cmTC_a1ba2.dir/build.make CMakeFiles/cmTC_a1ba2.dir/build
make[1]: Entering directory '/home/frederico/jackal_b/build/CMakeFiles/CMakeTmp'
Building C object CMakeFiles/cmTC_a1ba2.dir/CheckSymbolExists.c.o
/usr/bin/cc     -o CMakeFiles/cmTC_a1ba2.dir/CheckSymbolExists.c.o   -c /home/frederico/jackal_b/build/CMakeFiles/CMakeTmp/CheckSymbolExists.c
Linking C executable cmTC_a1ba2
/usr/bin/cmake -E cmake_link_script CMakeFiles/cmTC_a1ba2.dir/link.txt --verbose=1
/usr/bin/cc       CMakeFiles/cmTC_a1ba2.dir/CheckSymbolExists.c.o  -o cmTC_a1ba2 -rdynamic 
CMakeFiles/cmTC_a1ba2.dir/CheckSymbolExists.c.o: na função `main':
CheckSymbolExists.c:(.text+0x16): referência indefinida para `pthread_create'
collect2: error: ld returned 1 exit status
CMakeFiles/cmTC_a1ba2.dir/build.make:97: recipe for target 'cmTC_a1ba2' failed
make[1]: *** [cmTC_a1ba2] Error 1
make[1]: Leaving directory '/home/frederico/jackal_b/build/CMakeFiles/CMakeTmp'
Makefile:126: recipe for target 'cmTC_a1ba2/fast' failed
make: *** [cmTC_a1ba2/fast] Error 2

File /home/frederico/jackal_b/build/CMakeFiles/CMakeTmp/CheckSymbolExists.c:
/* */
#include <pthread.h>

int main(int argc, char** argv)
{
  (void)argv;
#ifndef pthread_create
  return ((int*)(&pthread_create))[argc];
#else
  (void)argc;
  return 0;
#endif
}

Determining if the function pthread_create exists in the pthreads failed with the following output:
Change Dir: /home/frederico/jackal_b/build/CMakeFiles/CMakeTmp

Run Build Command:"/usr/bin/make" "cmTC_a9a9c/fast"
/usr/bin/make -f CMakeFiles/cmTC_a9a9c.dir/build.make CMakeFiles/cmTC_a9a9c.dir/build
make[1]: Entering directory '/home/frederico/jackal_b/build/CMakeFiles/CMakeTmp'
Building C object CMakeFiles/cmTC_a9a9c.dir/CheckFunctionExists.c.o
/usr/bin/cc    -DCHECK_FUNCTION_EXISTS=pthread_create   -o CMakeFiles/cmTC_a9a9c.dir/CheckFunctionExists.c.o   -c /usr/share/cmake-3.5/Modules/CheckFunctionExists.c
Linking C executable cmTC_a9a9c
/usr/bin/cmake -E cmake_link_script CMakeFiles/cmTC_a9a9c.dir/link.txt --verbose=1
/usr/bin/cc   -DCHECK_FUNCTION_EXISTS=pthread_create    CMakeFiles/cmTC_a9a9c.dir/CheckFunctionExists.c.o  -o cmTC_a9a9c -rdynamic -lpthreads 
/usr/bin/ld: não foi possível encontrar -lpthreads
collect2: error: ld returned 1 exit status
CMakeFiles/cmTC_a9a9c.dir/build.make:97: recipe for target 'cmTC_a9a9c' failed
make[1]: *** [cmTC_a9a9c] Error 1
make[1]: Leaving directory '/home/frederico/jackal_b/build/CMakeFiles/CMakeTmp'
Makefile:126: recipe for target 'cmTC_a9a9c/fast' failed
make: *** [cmTC_a9a9c/fast] Error 2


